<?xml version="1.0" encoding="UTF-8"?>
<testng-results ignored="0" total="1" passed="1" failed="0" skipped="0">
  <reporter-output>
  </reporter-output>
  <suite started-at="2022-05-17T18:00:59 CEST" name="Default suite" finished-at="2022-05-17T18:01:41 CEST" duration-ms="42263">
    <groups>
    </groups>
    <test started-at="2022-05-17T18:00:59 CEST" name="Default test" finished-at="2022-05-17T18:01:41 CEST" duration-ms="42263">
      <class name="IBM.Assignment4.AssignmentTC">
        <test-method is-config="true" signature="init()[pri:0, instance:IBM.Assignment4.AssignmentTC@d5b810e]" started-at="2022-05-17T18:00:59 CEST" name="init" finished-at="2022-05-17T18:00:59 CEST" duration-ms="5" status="PASS">
          <reporter-output>
          </reporter-output>
        </test-method> <!-- init -->
        <test-method signature="scenario1()[pri:1, instance:IBM.Assignment4.AssignmentTC@d5b810e]" started-at="2022-05-17T18:00:59 CEST" name="scenario1" finished-at="2022-05-17T18:01:41 CEST" duration-ms="42018" status="PASS">
          <reporter-output>
          </reporter-output>
        </test-method> <!-- scenario1 -->
        <test-method is-config="true" signature="teardown()[pri:0, instance:IBM.Assignment4.AssignmentTC@d5b810e]" started-at="2022-05-17T18:01:41 CEST" name="teardown" finished-at="2022-05-17T18:01:41 CEST" duration-ms="215" status="PASS">
          <reporter-output>
          </reporter-output>
        </test-method> <!-- teardown -->
      </class> <!-- IBM.Assignment4.AssignmentTC -->
    </test> <!-- Default test -->
  </suite> <!-- Default suite -->
</testng-results>
