<?xml version="1.0" encoding="UTF-8"?>
<testng-results ignored="0" total="1" passed="1" failed="0" skipped="0">
  <reporter-output>
  </reporter-output>
  <suite started-at="2022-07-19T18:24:13 IST" name="Default suite" finished-at="2022-07-19T18:24:17 IST" duration-ms="3241">
    <groups>
    </groups>
    <test started-at="2022-07-19T18:24:13 IST" name="Default test" finished-at="2022-07-19T18:24:17 IST" duration-ms="3241">
      <class name="APITesting.UserCasesTesting">
        <test-method signature="UserCase3()[pri:0, instance:APITesting.UserCasesTesting@306f16f3]" started-at="2022-07-19T18:24:13 IST" name="UserCase3" finished-at="2022-07-19T18:24:17 IST" duration-ms="3196" status="PASS">
          <reporter-output>
          </reporter-output>
        </test-method> <!-- UserCase3 -->
      </class> <!-- APITesting.UserCasesTesting -->
    </test> <!-- Default test -->
  </suite> <!-- Default suite -->
</testng-results>
