<?xml version="1.0" encoding="UTF-8"?>
<testng-results ignored="0" total="4" passed="4" failed="0" skipped="0">
  <reporter-output>
  </reporter-output>
  <suite started-at="2022-05-17T11:39:16Z" name="Default suite" finished-at="2022-05-17T11:39:17Z" duration-ms="1384">
    <groups>
    </groups>
    <test started-at="2022-05-17T11:39:16Z" name="Default test" finished-at="2022-05-17T11:39:17Z" duration-ms="1384">
      <class name="Assignment3.AssignmentTC">
        <test-method signature="deleteMethod()[pri:0, instance:Assignment3.AssignmentTC@14f9390f]" started-at="2022-05-17T13:39:16Z" name="deleteMethod" description="to demonstrate user delete method" finished-at="2022-05-17T13:39:17Z" duration-ms="1201" status="PASS">
          <reporter-output>
          </reporter-output>
        </test-method> <!-- deleteMethod -->
        <test-method signature="getMethod()[pri:0, instance:Assignment3.AssignmentTC@14f9390f]" started-at="2022-05-17T13:39:17Z" name="getMethod" description="to demonstrate user get method" finished-at="2022-05-17T13:39:17Z" duration-ms="46" status="PASS">
          <reporter-output>
          </reporter-output>
        </test-method> <!-- getMethod -->
        <test-method signature="postMethod()[pri:0, instance:Assignment3.AssignmentTC@14f9390f]" started-at="2022-05-17T13:39:17Z" name="postMethod" description="to demonstrate post method" finished-at="2022-05-17T13:39:17Z" duration-ms="57" status="PASS">
          <reporter-output>
          </reporter-output>
        </test-method> <!-- postMethod -->
        <test-method signature="putMethod()[pri:0, instance:Assignment3.AssignmentTC@14f9390f]" started-at="2022-05-17T13:39:17Z" name="putMethod" description="demonstrate put method" finished-at="2022-05-17T13:39:17Z" duration-ms="41" status="PASS">
          <reporter-output>
          </reporter-output>
        </test-method> <!-- putMethod -->
      </class> <!-- Assignment3.AssignmentTC -->
    </test> <!-- Default test -->
  </suite> <!-- Default suite -->
</testng-results>
